[
  {
    "line": 1,
    "elements": [
      {
        "before": [
          {
            "result": {
              "duration": 13745700,
              "status": "passed"
            },
            "match": {
              "location": "Stepdifination.beforeHooks(Scenario)"
            }
          }
        ],
        "line": 3,
        "name": "To verify user can login application",
        "description": "",
        "id": "functionality-test-for-adactin-application;to-verify-user-can-login-application",
        "after": [
          {
            "result": {
              "duration": 188000,
              "status": "passed"
            },
            "match": {
              "location": "Stepdifination.afterHook(Scenario)"
            }
          }
        ],
        "type": "scenario",
        "keyword": "Scenario",
        "steps": [
          {
            "result": {
              "duration": 2762326500,
              "status": "passed"
            },
            "line": 4,
            "name": "User launchs the web borswer",
            "match": {
              "location": "Stepdifination.user_launchs_the_web_borswer()"
            },
            "keyword": "Given "
          },
          {
            "result": {
              "duration": 268947200,
              "status": "passed"
            },
            "line": 5,
            "name": "User enters the user name in user field",
            "match": {
              "location": "Stepdifination.user_enters_the_user_name_in_user_field()"
            },
            "keyword": "When "
          },
          {
            "result": {
              "duration": 266333100,
              "status": "passed"
            },
            "line": 6,
            "name": "User enters the password in passwrod field",
            "match": {
              "location": "Stepdifination.user_enters_the_password_in_passwrod_field()"
            },
            "keyword": "And "
          },
          {
            "result": {
              "duration": 2964907100,
              "status": "passed"
            },
            "line": 7,
            "name": "User clicks the login button",
            "match": {
              "location": "Stepdifination.user_clicks_the_login_button()"
            },
            "keyword": "Then "
          }
        ]
      },
      {
        "before": [
          {
            "result": {
              "duration": 104100,
              "status": "passed"
            },
            "match": {
              "location": "Stepdifination.beforeHooks(Scenario)"
            }
          }
        ],
        "line": 8,
        "name": "To verify user can search hotels",
        "description": "",
        "id": "functionality-test-for-adactin-application;to-verify-user-can-search-hotels",
        "after": [
          {
            "result": {
              "duration": 105600,
              "status": "passed"
            },
            "match": {
              "location": "Stepdifination.afterHook(Scenario)"
            }
          }
        ],
        "type": "scenario",
        "keyword": "Scenario",
        "steps": [
          {
            "result": {
              "duration": 538634900,
              "status": "passed"
            },
            "line": 9,
            "name": "User selects location from location field",
            "match": {
              "location": "Stepdifination.user_selects_location_from_location_field()"
            },
            "keyword": "When "
          },
          {
            "result": {
              "duration": 353514800,
              "status": "passed"
            },
            "line": 10,
            "name": "User selects hotels from hostels filed",
            "match": {
              "location": "Stepdifination.user_selects_hotels_from_hostels_filed()"
            },
            "keyword": "And "
          },
          {
            "result": {
              "duration": 438604900,
              "status": "passed"
            },
            "line": 11,
            "name": "User selects room type from room type field",
            "match": {
              "location": "Stepdifination.user_selects_room_type_from_room_type_field()"
            },
            "keyword": "And "
          },
          {
            "result": {
              "duration": 258084400,
              "status": "passed"
            },
            "line": 12,
            "name": "User selects no.of rooms from rooms filed",
            "match": {
              "location": "Stepdifination.user_selects_no_of_rooms_from_rooms_filed()"
            },
            "keyword": "And "
          },
          {
            "result": {
              "duration": 184465600,
              "status": "passed"
            },
            "line": 13,
            "name": "user enter the checkin date in checkin filed",
            "match": {
              "location": "Stepdifination.user_enter_the_checkin_date_in_checkin_filed()"
            },
            "keyword": "And "
          },
          {
            "result": {
              "duration": 226232100,
              "status": "passed"
            },
            "line": 14,
            "name": "User enter the checkout date in chekout filed",
            "match": {
              "location": "Stepdifination.user_enter_the_checkout_date_in_chekout_filed()"
            },
            "keyword": "And "
          },
          {
            "result": {
              "duration": 338002100,
              "status": "passed"
            },
            "line": 15,
            "name": "User select adult per room in adult per room filed",
            "match": {
              "location": "Stepdifination.user_select_adult_per_room_in_adult_per_room_filed()"
            },
            "keyword": "And "
          },
          {
            "result": {
              "duration": 187502000,
              "status": "passed"
            },
            "line": 16,
            "name": "User select children per room in children per room filed",
            "match": {
              "location": "Stepdifination.user_select_children_per_room_in_children_per_room_filed()"
            },
            "keyword": "And "
          },
          {
            "result": {
              "duration": 204095800,
              "status": "passed"
            },
            "line": 17,
            "name": "User clicks sreach button and verifies its navigates to next page",
            "match": {
              "location": "Stepdifination.user_clicks_sreach_button_and_verifies_its_navigates_to_next_page()"
            },
            "keyword": "Then "
          }
        ]
      },
      {
        "before": [
          {
            "result": {
              "duration": 103600,
              "status": "passed"
            },
            "match": {
              "location": "Stepdifination.beforeHooks(Scenario)"
            }
          }
        ],
        "line": 18,
        "name": "To check confirmatioin page",
        "description": "",
        "id": "functionality-test-for-adactin-application;to-check-confirmatioin-page",
        "after": [
          {
            "result": {
              "duration": 99600,
              "status": "passed"
            },
            "match": {
              "location": "Stepdifination.afterHook(Scenario)"
            }
          }
        ],
        "type": "scenario",
        "keyword": "Scenario",
        "steps": [
          {
            "result": {
              "duration": 64484100,
              "status": "passed"
            },
            "line": 19,
            "name": "User click radio button",
            "match": {
              "location": "Stepdifination.user_click_radio_button()"
            },
            "keyword": "When "
          },
          {
            "result": {
              "duration": 40544400,
              "status": "passed"
            },
            "line": 20,
            "name": "User click continue button",
            "match": {
              "location": "Stepdifination.user_click_continue_button()"
            },
            "keyword": "Then "
          }
        ]
      },
      {
        "before": [
          {
            "result": {
              "duration": 85400,
              "status": "passed"
            },
            "match": {
              "location": "Stepdifination.beforeHooks(Scenario)"
            }
          }
        ],
        "line": 21,
        "name": "To verify payment page",
        "description": "",
        "id": "functionality-test-for-adactin-application;to-verify-payment-page",
        "after": [
          {
            "result": {
              "duration": 60151530100,
              "error_message": "org.openqa.selenium.TimeoutException: timeout: Timed out receiving message from renderer: 10.000\n  (Session info: chrome\u003d87.0.4280.88)\nBuild info: version: \u00273.141.59\u0027, revision: \u0027e82be7d358\u0027, time: \u00272018-11-14T08:17:03\u0027\nSystem info: host: \u0027LAPTOP-B3AU7DJE\u0027, ip: \u0027192.168.43.80\u0027, os.name: \u0027Windows 10\u0027, os.arch: \u0027amd64\u0027, os.version: \u002710.0\u0027, java.version: \u002715\u0027\nDriver info: org.openqa.selenium.chrome.ChromeDriver\nCapabilities {acceptInsecureCerts: false, browserName: chrome, browserVersion: 87.0.4280.88, chrome: {chromedriverVersion: 86.0.4240.22 (398b0743353ff..., userDataDir: C:\\Users\\91805\\AppData\\Loca...}, goog:chromeOptions: {debuggerAddress: localhost:51423}, javascriptEnabled: true, networkConnectionEnabled: false, pageLoadStrategy: normal, platform: WINDOWS, platformName: WINDOWS, proxy: Proxy(), setWindowRect: true, strictFileInteractability: false, timeouts: {implicit: 0, pageLoad: 300000, script: 30000}, unhandledPromptBehavior: dismiss and notify, webauthn:virtualAuthenticators: true}\nSession ID: fb90f1e074060496d852378127e690d6\r\n\tat java.base/jdk.internal.reflect.NativeConstructorAccessorImpl.newInstance0(Native Method)\r\n\tat java.base/jdk.internal.reflect.NativeConstructorAccessorImpl.newInstance(NativeConstructorAccessorImpl.java:64)\r\n\tat java.base/jdk.internal.reflect.DelegatingConstructorAccessorImpl.newInstance(DelegatingConstructorAccessorImpl.java:45)\r\n\tat java.base/java.lang.reflect.Constructor.newInstanceWithCaller(Constructor.java:500)\r\n\tat java.base/java.lang.reflect.Constructor.newInstance(Constructor.java:481)\r\n\tat org.openqa.selenium.remote.http.W3CHttpResponseCodec.createException(W3CHttpResponseCodec.java:187)\r\n\tat org.openqa.selenium.remote.http.W3CHttpResponseCodec.decode(W3CHttpResponseCodec.java:122)\r\n\tat org.openqa.selenium.remote.http.W3CHttpResponseCodec.decode(W3CHttpResponseCodec.java:49)\r\n\tat org.openqa.selenium.remote.HttpCommandExecutor.execute(HttpCommandExecutor.java:158)\r\n\tat org.openqa.selenium.remote.service.DriverCommandExecutor.execute(DriverCommandExecutor.java:83)\r\n\tat org.openqa.selenium.remote.RemoteWebDriver.execute(RemoteWebDriver.java:552)\r\n\tat org.openqa.selenium.remote.RemoteWebDriver.execute(RemoteWebDriver.java:609)\r\n\tat org.openqa.selenium.remote.RemoteWebDriver.getScreenshotAs(RemoteWebDriver.java:295)\r\n\tat com.adactin.pom.Baseclass.TakesScreenShot(Baseclass.java:342)\r\n\tat com.adactin.stepdifination.Stepdifination.afterHook(Stepdifination.java:45)\r\n\tat java.base/jdk.internal.reflect.NativeMethodAccessorImpl.invoke0(Native Method)\r\n\tat java.base/jdk.internal.reflect.NativeMethodAccessorImpl.invoke(NativeMethodAccessorImpl.java:64)\r\n\tat java.base/jdk.internal.reflect.DelegatingMethodAccessorImpl.invoke(DelegatingMethodAccessorImpl.java:43)\r\n\tat java.base/java.lang.reflect.Method.invoke(Method.java:564)\r\n\tat cucumber.runtime.Utils$1.call(Utils.java:40)\r\n\tat cucumber.runtime.Timeout.timeout(Timeout.java:16)\r\n\tat cucumber.runtime.Utils.invoke(Utils.java:34)\r\n\tat cucumber.runtime.java.JavaHookDefinition.execute(JavaHookDefinition.java:60)\r\n\tat cucumber.runtime.Runtime.runHookIfTagsMatch(Runtime.java:224)\r\n\tat cucumber.runtime.Runtime.runHooks(Runtime.java:212)\r\n\tat cucumber.runtime.Runtime.runAfterHooks(Runtime.java:206)\r\n\tat cucumber.runtime.model.CucumberScenario.run(CucumberScenario.java:46)\r\n\tat cucumber.runtime.junit.ExecutionUnitRunner.run(ExecutionUnitRunner.java:102)\r\n\tat cucumber.runtime.junit.FeatureRunner.runChild(FeatureRunner.java:63)\r\n\tat cucumber.runtime.junit.FeatureRunner.runChild(FeatureRunner.java:18)\r\n\tat org.junit.runners.ParentRunner$4.run(ParentRunner.java:331)\r\n\tat org.junit.runners.ParentRunner$1.schedule(ParentRunner.java:79)\r\n\tat org.junit.runners.ParentRunner.runChildren(ParentRunner.java:329)\r\n\tat org.junit.runners.ParentRunner.access$100(ParentRunner.java:66)\r\n\tat org.junit.runners.ParentRunner$2.evaluate(ParentRunner.java:293)\r\n\tat org.junit.runners.ParentRunner$3.evaluate(ParentRunner.java:306)\r\n\tat org.junit.runners.ParentRunner.run(ParentRunner.java:413)\r\n\tat cucumber.runtime.junit.FeatureRunner.run(FeatureRunner.java:70)\r\n\tat cucumber.api.junit.Cucumber.runChild(Cucumber.java:95)\r\n\tat cucumber.api.junit.Cucumber.runChild(Cucumber.java:38)\r\n\tat org.junit.runners.ParentRunner$4.run(ParentRunner.java:331)\r\n\tat org.junit.runners.ParentRunner$1.schedule(ParentRunner.java:79)\r\n\tat org.junit.runners.ParentRunner.runChildren(ParentRunner.java:329)\r\n\tat org.junit.runners.ParentRunner.access$100(ParentRunner.java:66)\r\n\tat org.junit.runners.ParentRunner$2.evaluate(ParentRunner.java:293)\r\n\tat org.junit.internal.runners.statements.RunBefores.evaluate(RunBefores.java:26)\r\n\tat org.junit.runners.ParentRunner$3.evaluate(ParentRunner.java:306)\r\n\tat org.junit.runners.ParentRunner.run(ParentRunner.java:413)\r\n\tat cucumber.api.junit.Cucumber.run(Cucumber.java:100)\r\n\tat org.eclipse.jdt.internal.junit4.runner.JUnit4TestReference.run(JUnit4TestReference.java:89)\r\n\tat org.eclipse.jdt.internal.junit.runner.TestExecution.run(TestExecution.java:41)\r\n\tat org.eclipse.jdt.internal.junit.runner.RemoteTestRunner.runTests(RemoteTestRunner.java:542)\r\n\tat org.eclipse.jdt.internal.junit.runner.RemoteTestRunner.runTests(RemoteTestRunner.java:770)\r\n\tat org.eclipse.jdt.internal.junit.runner.RemoteTestRunner.run(RemoteTestRunner.java:464)\r\n\tat org.eclipse.jdt.internal.junit.runner.RemoteTestRunner.main(RemoteTestRunner.java:210)\r\n",
              "status": "failed"
            },
            "match": {
              "location": "Stepdifination.afterHook(Scenario)"
            }
          }
        ],
        "type": "scenario",
        "keyword": "Scenario",
        "steps": [
          {
            "result": {
              "duration": 41407000,
              "status": "passed"
            },
            "line": 22,
            "name": "User enters first name in  username textbox",
            "match": {
              "location": "Stepdifination.user_enters_first_name_in_username_textbox()"
            },
            "keyword": "When "
          },
          {
            "result": {
              "duration": 38806500,
              "status": "passed"
            },
            "line": 23,
            "name": "User enter last name in last name textbox",
            "match": {
              "location": "Stepdifination.user_enter_last_name_in_last_name_textbox()"
            },
            "keyword": "And "
          },
          {
            "result": {
              "duration": 39692500,
              "status": "passed"
            },
            "line": 24,
            "name": "user enters address in address filed",
            "match": {
              "location": "Stepdifination.user_enters_address_in_address_filed()"
            },
            "keyword": "And "
          },
          {
            "result": {
              "duration": 40771300,
              "status": "passed"
            },
            "line": 25,
            "name": "User enters the card_no in card textbox",
            "match": {
              "location": "Stepdifination.user_enters_the_card_no_in_card_textbox()"
            },
            "keyword": "And "
          },
          {
            "result": {
              "duration": 38002100,
              "error_message": "org.openqa.selenium.NoSuchElementException: no such element: Unable to locate element: {\"method\":\"css selector\",\"selector\":\"#cc_type\"}\n  (Session info: chrome\u003d87.0.4280.88)\nFor documentation on this error, please visit: https://www.seleniumhq.org/exceptions/no_such_element.html\nBuild info: version: \u00273.141.59\u0027, revision: \u0027e82be7d358\u0027, time: \u00272018-11-14T08:17:03\u0027\nSystem info: host: \u0027LAPTOP-B3AU7DJE\u0027, ip: \u0027192.168.43.80\u0027, os.name: \u0027Windows 10\u0027, os.arch: \u0027amd64\u0027, os.version: \u002710.0\u0027, java.version: \u002715\u0027\nDriver info: org.openqa.selenium.chrome.ChromeDriver\nCapabilities {acceptInsecureCerts: false, browserName: chrome, browserVersion: 87.0.4280.88, chrome: {chromedriverVersion: 86.0.4240.22 (398b0743353ff..., userDataDir: C:\\Users\\91805\\AppData\\Loca...}, goog:chromeOptions: {debuggerAddress: localhost:51423}, javascriptEnabled: true, networkConnectionEnabled: false, pageLoadStrategy: normal, platform: WINDOWS, platformName: WINDOWS, proxy: Proxy(), setWindowRect: true, strictFileInteractability: false, timeouts: {implicit: 0, pageLoad: 300000, script: 30000}, unhandledPromptBehavior: dismiss and notify, webauthn:virtualAuthenticators: true}\nSession ID: fb90f1e074060496d852378127e690d6\n*** Element info: {Using\u003did, value\u003dcc_type}\r\n\tat java.base/jdk.internal.reflect.NativeConstructorAccessorImpl.newInstance0(Native Method)\r\n\tat java.base/jdk.internal.reflect.NativeConstructorAccessorImpl.newInstance(NativeConstructorAccessorImpl.java:64)\r\n\tat java.base/jdk.internal.reflect.DelegatingConstructorAccessorImpl.newInstance(DelegatingConstructorAccessorImpl.java:45)\r\n\tat java.base/java.lang.reflect.Constructor.newInstanceWithCaller(Constructor.java:500)\r\n\tat java.base/java.lang.reflect.Constructor.newInstance(Constructor.java:481)\r\n\tat org.openqa.selenium.remote.http.W3CHttpResponseCodec.createException(W3CHttpResponseCodec.java:187)\r\n\tat org.openqa.selenium.remote.http.W3CHttpResponseCodec.decode(W3CHttpResponseCodec.java:122)\r\n\tat org.openqa.selenium.remote.http.W3CHttpResponseCodec.decode(W3CHttpResponseCodec.java:49)\r\n\tat org.openqa.selenium.remote.HttpCommandExecutor.execute(HttpCommandExecutor.java:158)\r\n\tat org.openqa.selenium.remote.service.DriverCommandExecutor.execute(DriverCommandExecutor.java:83)\r\n\tat org.openqa.selenium.remote.RemoteWebDriver.execute(RemoteWebDriver.java:552)\r\n\tat org.openqa.selenium.remote.RemoteWebDriver.findElement(RemoteWebDriver.java:323)\r\n\tat org.openqa.selenium.remote.RemoteWebDriver.findElementById(RemoteWebDriver.java:372)\r\n\tat org.openqa.selenium.By$ById.findElement(By.java:188)\r\n\tat org.openqa.selenium.remote.RemoteWebDriver.findElement(RemoteWebDriver.java:315)\r\n\tat org.openqa.selenium.support.pagefactory.DefaultElementLocator.findElement(DefaultElementLocator.java:69)\r\n\tat org.openqa.selenium.support.pagefactory.internal.LocatingElementHandler.invoke(LocatingElementHandler.java:38)\r\n\tat com.sun.proxy.$Proxy21.getTagName(Unknown Source)\r\n\tat org.openqa.selenium.support.ui.Select.\u003cinit\u003e(Select.java:45)\r\n\tat com.adactin.pom.Baseclass.selectDropDown(Baseclass.java:215)\r\n\tat com.adactin.stepdifination.Stepdifination.user_selects_the_card_type_from_card_type_filed(Stepdifination.java:180)\r\n\tat âœ½.And User selects the card type from card type filed(src/test/java/com/adactin/feature/Adactin.feature:26)\r\n",
              "status": "failed"
            },
            "line": 26,
            "name": "User selects the card type from card type filed",
            "match": {
              "location": "Stepdifination.user_selects_the_card_type_from_card_type_filed()"
            },
            "keyword": "And "
          },
          {
            "result": {
              "status": "skipped"
            },
            "line": 27,
            "name": "User selects the month from expiry date filed",
            "match": {
              "location": "Stepdifination.user_selects_the_month_from_expiry_date_filed()"
            },
            "keyword": "And "
          },
          {
            "result": {
              "status": "skipped"
            },
            "line": 28,
            "name": "User selects the year from expiry date filed",
            "match": {
              "location": "Stepdifination.user_selects_the_year_from_expiry_date_filed()"
            },
            "keyword": "And "
          },
          {
            "result": {
              "status": "skipped"
            },
            "line": 29,
            "name": "User enters the cvv_no in cvv_no filed",
            "match": {
              "location": "Stepdifination.user_enters_the_cvv_no_in_cvv_no_filed()"
            },
            "keyword": "And "
          },
          {
            "result": {
              "status": "skipped"
            },
            "line": 30,
            "name": "User clicks the book now button and verifies its navigates to next page",
            "match": {
              "location": "Stepdifination.user_clicks_the_book_now_button_and_verifies_its_navigates_to_next_page()"
            },
            "keyword": "Then "
          }
        ]
      },
      {
        "before": [
          {
            "result": {
              "duration": 116300,
              "status": "passed"
            },
            "match": {
              "location": "Stepdifination.beforeHooks(Scenario)"
            }
          }
        ],
        "line": 31,
        "name": "To verify user can logout application",
        "description": "",
        "id": "functionality-test-for-adactin-application;to-verify-user-can-logout-application",
        "after": [
          {
            "result": {
              "duration": 118900,
              "status": "passed"
            },
            "match": {
              "location": "Stepdifination.afterHook(Scenario)"
            }
          }
        ],
        "type": "scenario",
        "keyword": "Scenario",
        "steps": [
          {
            "result": {
              "duration": 1280176900,
              "status": "passed"
            },
            "line": 32,
            "name": "user clicks logut_btn and verifies its navigates out of application",
            "match": {
              "location": "Stepdifination.user_clicks_logut_btn_and_verifies_its_navigates_out_of_application()"
            },
            "keyword": "Then "
          }
        ]
      }
    ],
    "name": "Functionality test for adactin application",
    "description": "",
    "id": "functionality-test-for-adactin-application",
    "keyword": "Feature",
    "uri": "src/test/java/com/adactin/feature/Adactin.feature"
  }
]